<?xml version="1.0" encoding="UTF-8"?>
<!-- Generated by org.testng.reporters.JUnitXMLReporter -->
<testsuite ignored="0" hostname="fdbccbae305620832caddfedbbbeone-0" failures="0" tests="3" name="Surefire test" time="54.07" errors="0" timestamp="2023-09-30T11:35:12 UTC">
  <testcase classname="runner.Testcase3" name="cartpg" time="13.834"/>
  <testcase classname="runner.Testcase1" name="toyspg" time="5.845"/>
  <testcase classname="runner.Testcase2" name="clothpg" time="11.682"/>
</testsuite> <!-- Surefire test -->
