<?xml version="1.0" encoding="UTF-8"?>
<testng-results ignored="0" total="3" passed="3" failed="0" skipped="0">
  <reporter-output>
  </reporter-output>
  <suite started-at="2023-09-30T11:34:18 UTC" name="Surefire suite" finished-at="2023-09-30T11:35:12 UTC" duration-ms="54070">
    <groups>
    </groups>
    <test started-at="2023-09-30T11:34:18 UTC" name="Surefire test" finished-at="2023-09-30T11:35:12 UTC" duration-ms="54070">
      <class name="runner.Testcase1">
        <test-method is-config="true" signature="beforeMethod()[pri:0, instance:runner.Testcase1@f73dcd6]" started-at="2023-09-30T11:34:45 UTC" name="beforeMethod" finished-at="2023-09-30T11:34:49 UTC" duration-ms="4064" status="PASS">
          <reporter-output>
          </reporter-output>
        </test-method> <!-- beforeMethod -->
        <test-method signature="toyspg()[pri:1, instance:runner.Testcase1@f73dcd6]" started-at="2023-09-30T11:34:49 UTC" name="toyspg" finished-at="2023-09-30T11:34:55 UTC" duration-ms="5845" status="PASS">
          <reporter-output>
          </reporter-output>
        </test-method> <!-- toyspg -->
        <test-method is-config="true" signature="afterMethod()[pri:0, instance:runner.Testcase1@f73dcd6]" started-at="2023-09-30T11:34:55 UTC" name="afterMethod" finished-at="2023-09-30T11:34:55 UTC" duration-ms="197" status="PASS">
          <reporter-output>
          </reporter-output>
        </test-method> <!-- afterMethod -->
      </class> <!-- runner.Testcase1 -->
      <class name="runner.Testcase2">
        <test-method is-config="true" signature="beforeMethod()[pri:0, instance:runner.Testcase2@5c87bfe2]" started-at="2023-09-30T11:34:55 UTC" name="beforeMethod" finished-at="2023-09-30T11:35:00 UTC" duration-ms="4833" status="PASS">
          <reporter-output>
          </reporter-output>
        </test-method> <!-- beforeMethod -->
        <test-method signature="clothpg()[pri:2, instance:runner.Testcase2@5c87bfe2]" started-at="2023-09-30T11:35:00 UTC" name="clothpg" finished-at="2023-09-30T11:35:12 UTC" duration-ms="11682" status="PASS">
          <reporter-output>
          </reporter-output>
        </test-method> <!-- clothpg -->
        <test-method is-config="true" signature="afterMethod()[pri:0, instance:runner.Testcase2@5c87bfe2]" started-at="2023-09-30T11:35:12 UTC" name="afterMethod" finished-at="2023-09-30T11:35:12 UTC" duration-ms="175" status="PASS">
          <reporter-output>
          </reporter-output>
        </test-method> <!-- afterMethod -->
      </class> <!-- runner.Testcase2 -->
      <class name="runner.Testcase3">
        <test-method is-config="true" signature="beforeMethod()[pri:0, instance:runner.Testcase3@10c626be]" started-at="2023-09-30T11:34:18 UTC" name="beforeMethod" finished-at="2023-09-30T11:34:31 UTC" duration-ms="12920" status="PASS">
          <reporter-output>
          </reporter-output>
        </test-method> <!-- beforeMethod -->
        <test-method signature="cartpg()[pri:3, instance:runner.Testcase3@10c626be]" started-at="2023-09-30T11:34:31 UTC" name="cartpg" finished-at="2023-09-30T11:34:45 UTC" duration-ms="13834" status="PASS">
          <reporter-output>
          </reporter-output>
        </test-method> <!-- cartpg -->
        <test-method is-config="true" signature="afterMethod()[pri:0, instance:runner.Testcase3@10c626be]" started-at="2023-09-30T11:34:45 UTC" name="afterMethod" finished-at="2023-09-30T11:34:45 UTC" duration-ms="454" status="PASS">
          <reporter-output>
          </reporter-output>
        </test-method> <!-- afterMethod -->
      </class> <!-- runner.Testcase3 -->
    </test> <!-- Surefire test -->
  </suite> <!-- Surefire suite -->
</testng-results>
